touch card
400803


18時7分20.13649秒n


end
<Response [200]>


success
touch card
400568


8時11分24.451319秒n


start
<Response [200]>


success
touch card
400803


8時12分12.360925秒n


start
<Response [200]>


success
touch card
400777


8時22分9.285900秒n


start
<Response [401]>


failed
touch card
400568


18時38分4.123688秒n


end
<Response [200]>


success
touch card
400803


18時49分34.192578秒n


end
<Response [200]>


success
touch card
400777


19時23分16.34745秒n


end
<Response [401]>


failed
touch card
touch card
touch card
touch card
touch card
touch card
touch card
no tag
touch card
400777


11時24分15.242783秒n


start
<Response [401]>


failed
touch card
400777


11時24分23.435001秒n


start
<Response [401]>


failed
touch card
400777


11時32分0.22403秒n


start
<Response [401]>


failed
touch card
400803


8時7分49.347175秒n


start
<Response [200]>


success
touch card
400568


8時8分56.768962秒n


start
<Response [200]>


success
touch card
400671


8時16分49.581404秒n


start
<Response [200]>


success
touch card
400777


8時20分45.897548秒n


start
<Response [401]>


failed
